c:\users\kelson\documents\projects\typed_squirrel\build\visual studio community 2022 release - amd64\debug\typed_squirrel.dir\debug\vc143.pdb
c:\users\kelson\documents\projects\typed_squirrel\build\visual studio community 2022 release - amd64\debug\typed_squirrel.dir\debug\imgui_widgets.obj
c:\users\kelson\documents\projects\typed_squirrel\build\visual studio community 2022 release - amd64\debug\typed_squirrel.dir\debug\imgui_tables.obj
c:\users\kelson\documents\projects\typed_squirrel\build\visual studio community 2022 release - amd64\debug\typed_squirrel.dir\debug\imgui_impl_opengl3.obj
c:\users\kelson\documents\projects\typed_squirrel\build\visual studio community 2022 release - amd64\debug\typed_squirrel.dir\debug\imgui_impl_glfw.obj
c:\users\kelson\documents\projects\typed_squirrel\build\visual studio community 2022 release - amd64\debug\typed_squirrel.dir\debug\imgui_draw.obj
c:\users\kelson\documents\projects\typed_squirrel\build\visual studio community 2022 release - amd64\debug\typed_squirrel.dir\debug\imgui_demo.obj
c:\users\kelson\documents\projects\typed_squirrel\build\visual studio community 2022 release - amd64\debug\typed_squirrel.dir\debug\imgui.obj
c:\users\kelson\documents\projects\typed_squirrel\build\visual studio community 2022 release - amd64\debug\typed_squirrel.dir\debug\world.obj
c:\users\kelson\documents\projects\typed_squirrel\build\visual studio community 2022 release - amd64\debug\typed_squirrel.dir\debug\trace.obj
c:\users\kelson\documents\projects\typed_squirrel\build\visual studio community 2022 release - amd64\debug\typed_squirrel.dir\debug\time_manager.obj
c:\users\kelson\documents\projects\typed_squirrel\build\visual studio community 2022 release - amd64\debug\typed_squirrel.dir\debug\profiler.obj
c:\users\kelson\documents\projects\typed_squirrel\build\visual studio community 2022 release - amd64\debug\typed_squirrel.dir\debug\crash_handler.obj
c:\users\kelson\documents\projects\typed_squirrel\build\visual studio community 2022 release - amd64\debug\typed_squirrel.dir\debug\transform.obj
c:\users\kelson\documents\projects\typed_squirrel\build\visual studio community 2022 release - amd64\debug\typed_squirrel.dir\debug\main.obj
c:\users\kelson\documents\projects\typed_squirrel\build\visual studio community 2022 release - amd64\debug\typed_squirrel.dir\debug\component.obj
c:\users\kelson\documents\projects\typed_squirrel\build\visual studio community 2022 release - amd64\debug\typed_squirrel.dir\debug\application.obj
c:\users\kelson\documents\projects\typed_squirrel\build\visual studio community 2022 release - amd64\debug\typed_squirrel.dir\debug\glad.obj
c:\users\kelson\documents\projects\typed_squirrel\build\visual studio community 2022 release - amd64\debug\cmakefiles\generate.stamp
c:\users\kelson\documents\projects\typed_squirrel\build\visual studio community 2022 release - amd64\debug\debug\typed_squirrel.pdb
c:\users\kelson\documents\projects\typed_squirrel\build\visual studio community 2022 release - amd64\debug\typed_squirrel.dir\debug\typed_squirrel.tlog\cl.command.1.tlog
c:\users\kelson\documents\projects\typed_squirrel\build\visual studio community 2022 release - amd64\debug\typed_squirrel.dir\debug\typed_squirrel.tlog\cl.read.1.tlog
c:\users\kelson\documents\projects\typed_squirrel\build\visual studio community 2022 release - amd64\debug\typed_squirrel.dir\debug\typed_squirrel.tlog\cl.write.1.tlog
c:\users\kelson\documents\projects\typed_squirrel\build\visual studio community 2022 release - amd64\debug\typed_squirrel.dir\debug\typed_squirrel.tlog\custombuild.command.1.tlog
c:\users\kelson\documents\projects\typed_squirrel\build\visual studio community 2022 release - amd64\debug\typed_squirrel.dir\debug\typed_squirrel.tlog\custombuild.read.1.tlog
c:\users\kelson\documents\projects\typed_squirrel\build\visual studio community 2022 release - amd64\debug\typed_squirrel.dir\debug\typed_squirrel.tlog\custombuild.write.1.tlog
c:\users\kelson\documents\projects\typed_squirrel\build\visual studio community 2022 release - amd64\debug\typed_squirrel.dir\debug\typed_squirrel.tlog\link-cvtres.read.1.tlog
c:\users\kelson\documents\projects\typed_squirrel\build\visual studio community 2022 release - amd64\debug\typed_squirrel.dir\debug\typed_squirrel.tlog\link-cvtres.write.1.tlog
c:\users\kelson\documents\projects\typed_squirrel\build\visual studio community 2022 release - amd64\debug\typed_squirrel.dir\debug\typed_squirrel.tlog\link-rc.read.1.tlog
c:\users\kelson\documents\projects\typed_squirrel\build\visual studio community 2022 release - amd64\debug\typed_squirrel.dir\debug\typed_squirrel.tlog\link-rc.write.1.tlog
c:\users\kelson\documents\projects\typed_squirrel\build\visual studio community 2022 release - amd64\debug\typed_squirrel.dir\debug\typed_squirrel.tlog\link.command.1.tlog
c:\users\kelson\documents\projects\typed_squirrel\build\visual studio community 2022 release - amd64\debug\typed_squirrel.dir\debug\typed_squirrel.tlog\link.read.1.tlog
c:\users\kelson\documents\projects\typed_squirrel\build\visual studio community 2022 release - amd64\debug\typed_squirrel.dir\debug\typed_squirrel.tlog\link.read.2.tlog
c:\users\kelson\documents\projects\typed_squirrel\build\visual studio community 2022 release - amd64\debug\typed_squirrel.dir\debug\typed_squirrel.tlog\link.read.3.tlog
c:\users\kelson\documents\projects\typed_squirrel\build\visual studio community 2022 release - amd64\debug\typed_squirrel.dir\debug\typed_squirrel.tlog\link.read.4.tlog
c:\users\kelson\documents\projects\typed_squirrel\build\visual studio community 2022 release - amd64\debug\typed_squirrel.dir\debug\typed_squirrel.tlog\link.read.5.tlog
c:\users\kelson\documents\projects\typed_squirrel\build\visual studio community 2022 release - amd64\debug\typed_squirrel.dir\debug\typed_squirrel.tlog\link.read.6.tlog
c:\users\kelson\documents\projects\typed_squirrel\build\visual studio community 2022 release - amd64\debug\typed_squirrel.dir\debug\typed_squirrel.tlog\link.write.1.tlog
