timer.cpp( 20:12 ):             construction RegQuat:   34.9
timer.cpp( 20:12 ):             construction GLMQuat:     28
timer.cpp( 20:12 ):            copyConstruct RegQuat:   17.8
timer.cpp( 20:12 ):            copyConstruct GLMQuat:  104.2
timer.cpp( 20:12 ):               assignment RegQuat:   38.1
timer.cpp( 20:12 ):               assignment GLMQuat:   45.9
timer.cpp( 20:12 ):                addAssign RegQuat:   23.1
timer.cpp( 20:12 ):                addAssign GLMQuat:  104.7
timer.cpp( 20:12 ):                subAssign RegQuat:   23.2
timer.cpp( 20:12 ):                subAssign GLMQuat:    105
timer.cpp( 20:12 ):            mulQuatAssign RegQuat:   67.2
timer.cpp( 20:12 ):            mulQuatAssign GLMQuat:  116.6
timer.cpp( 20:12 ):           mulScaleAssign RegQuat:   23.1
timer.cpp( 20:12 ):           mulScaleAssign GLMQuat:  104.6
timer.cpp( 20:12 ):                 negation RegQuat:     45
timer.cpp( 20:12 ):                 negation GLMQuat:   56.7
timer.cpp( 20:12 ):                      add RegQuat:   79.3
timer.cpp( 20:12 ):                      add GLMQuat:  149.8
timer.cpp( 20:12 ):                      sub RegQuat:   70.6
timer.cpp( 20:12 ):                      sub GLMQuat:  141.6
timer.cpp( 20:12 ):                  mulQuat RegQuat:  100.2
timer.cpp( 20:12 ):                  mulQuat GLMQuat:  172.3
timer.cpp( 20:12 ):                 mulScale RegQuat:   71.4
timer.cpp( 20:12 ):                 mulScale GLMQuat:   58.7
timer.cpp( 20:12 ):                      dot RegQuat:   16.3
timer.cpp( 20:12 ):                      dot GLMQuat:   69.6
timer.cpp( 20:12 ):                     norm RegQuat:     32
timer.cpp( 20:12 ):                     norm GLMQuat:   93.4
timer.cpp( 20:12 ):              normSquared RegQuat:   23.7
timer.cpp( 20:12 ):              normSquared GLMQuat:   15.5
timer.cpp( 20:12 ):                normalize RegQuat:    176
timer.cpp( 20:12 ):                normalize GLMQuat:  198.9
timer.cpp( 20:12 ):                conjugate RegQuat:   42.8
timer.cpp( 20:12 ):                conjugate GLMQuat:   56.4
timer.cpp( 20:12 ):   rotateVectorFromFloats RegQuat:  128.4
timer.cpp( 20:12 ):   rotateVectorFromFloats GLMQuat:  701.7
timer.cpp( 20:12 ):    rotateVectorFromArray RegQuat:  107.3
timer.cpp( 20:12 ):    rotateVectorFromArray GLMQuat:  709.9
timer.cpp( 20:12 ):                fromEuler RegQuat:  238.9
timer.cpp( 20:12 ):                fromEuler GLMQuat:  689.4
timer.cpp( 20:12 ):            fromAxisAngle RegQuat:    115
timer.cpp( 20:12 ):            fromAxisAngle GLMQuat:  265.2
