  cameraComponent.cpp
  component.cpp
  engine.cpp
  eventSystem.cpp
  inputAction.cpp
  inputSystem.cpp
  keyboard.cpp
  main.cpp
  mesh.cpp
  model.cpp
  mouse.cpp
  objectRenderer.cpp
  quaternion.cpp
  shader.cpp
  system.cpp
  glmQuaternionTests.cpp
  quaternionTests.cpp
  transform.cpp
  crash_handler.cpp
  profiler.cpp
  Generating Code...
  Compiling...
  time_manager.cpp
  timer.cpp
  trace.cpp
  window.cpp
  world.cpp
  Generating Code...
  typed_squirrel.vcxproj -> C:\Users\Kelson\Documents\Projects\typed_squirrel\build\Debug\typed_squirrel.exe
